<?xml version="1.0" encoding="UTF-8"?>
<testsuites>
  <testsuite name="SOLID" tests="14" assertions="14" failures="0" errors="0" time="0.204397">
    <testsuite name="SOLID\CompatibleOptionsCollectionTest" file="/var/www/SOLID/tests/CompatibleOptionsCollectionTest.php" tests="1" assertions="1" failures="0" errors="0" time="0.017518">
      <testcase name="testOptionCanBeAddedToCollection" class="SOLID\CompatibleOptionsCollectionTest" file="/var/www/SOLID/tests/CompatibleOptionsCollectionTest.php" line="21" assertions="1" time="0.017518"/>
    </testsuite>
    <testsuite name="SOLID\MultipleOptionsProductTest" file="/var/www/SOLID/tests/MultipleOptionsProductTest.php" tests="6" assertions="6" failures="0" errors="0" time="0.093476">
      <testcase name="testIncompatibleOptionThrowsException" class="SOLID\MultipleOptionsProductTest" file="/var/www/SOLID/tests/MultipleOptionsProductTest.php" line="30" assertions="1" time="0.016614"/>
      <testcase name="testBasePriceCanBeRetrieved" class="SOLID\MultipleOptionsProductTest" file="/var/www/SOLID/tests/MultipleOptionsProductTest.php" line="35" assertions="1" time="0.014391"/>
      <testcase name="testCalculatesTotalPriceWithOptions" class="SOLID\MultipleOptionsProductTest" file="/var/www/SOLID/tests/MultipleOptionsProductTest.php" line="40" assertions="1" time="0.015108"/>
      <testcase name="testThreeOptionsCanBeAdded" class="SOLID\MultipleOptionsProductTest" file="/var/www/SOLID/tests/MultipleOptionsProductTest.php" line="48" assertions="1" time="0.016128"/>
      <testcase name="testExceptionIsThrowWhenOptionIsIncompatibleWithSelectedOptions" class="SOLID\MultipleOptionsProductTest" file="/var/www/SOLID/tests/MultipleOptionsProductTest.php" line="61" assertions="1" time="0.016700"/>
      <testcase name="testExceptionIsThrownWhenMoreThanThreeOptionsAreAdded" class="SOLID\MultipleOptionsProductTest" file="/var/www/SOLID/tests/MultipleOptionsProductTest.php" line="75" assertions="1" time="0.014535"/>
    </testsuite>
    <testsuite name="SOLID\NoOptionProductTest" file="/var/www/SOLID/tests/NoOptionProductTest.php" tests="2" assertions="2" failures="0" errors="0" time="0.026651">
      <testcase name="testBasePriceCanBeRetrieved" class="SOLID\NoOptionProductTest" file="/var/www/SOLID/tests/NoOptionProductTest.php" line="18" assertions="1" time="0.013593"/>
      <testcase name="testTotalPriceCanBeRetrieved" class="SOLID\NoOptionProductTest" file="/var/www/SOLID/tests/NoOptionProductTest.php" line="23" assertions="1" time="0.013058"/>
    </testsuite>
    <testsuite name="SOLID\NotSoSwegOptionTest" file="/var/www/SOLID/tests/NotSoSwegOptionTest.php" tests="1" assertions="1" failures="0" errors="0" time="0.013087">
      <testcase name="testGetOptionPriceWorks" class="SOLID\NotSoSwegOptionTest" file="/var/www/SOLID/tests/NotSoSwegOptionTest.php" line="20" assertions="1" time="0.013087"/>
    </testsuite>
    <testsuite name="SOLID\SingleOptionProductTest" file="/var/www/SOLID/tests/SingleOptionProductTest.php" tests="3" assertions="3" failures="0" errors="0" time="0.040595">
      <testcase name="testBasePriceCanBeRetrieved" class="SOLID\SingleOptionProductTest" file="/var/www/SOLID/tests/SingleOptionProductTest.php" line="24" assertions="1" time="0.013684"/>
      <testcase name="testCalculatesTotalPriceWithOption" class="SOLID\SingleOptionProductTest" file="/var/www/SOLID/tests/SingleOptionProductTest.php" line="29" assertions="1" time="0.013510"/>
      <testcase name="testCalculatesTotalPriceWithoutOption" class="SOLID\SingleOptionProductTest" file="/var/www/SOLID/tests/SingleOptionProductTest.php" line="36" assertions="1" time="0.013401"/>
    </testsuite>
    <testsuite name="SOLID\SwegOptionTest" file="/var/www/SOLID/tests/SwegOptionTest.php" tests="1" assertions="1" failures="0" errors="0" time="0.013070">
      <testcase name="testGetOptionPriceWorks" class="SOLID\SwegOptionTest" file="/var/www/SOLID/tests/SwegOptionTest.php" line="19" assertions="1" time="0.013070"/>
    </testsuite>
  </testsuite>
</testsuites>
